<?xml version="1.0" encoding="UTF-8"?>
<testsuite xmlns:xsi="http://www.w3.org/2001/XMLSchema-instance" xsi:noNamespaceSchemaLocation="https://maven.apache.org/surefire/maven-surefire-plugin/xsd/surefire-test-report.xsd" name="com.example.actuatorservice.HelloWorldApplicationTests" time="6.507" tests="2" errors="0" skipped="0" failures="0">
  <properties>
[...]
</properties>
  <testcase name="shouldReturn200WhenSendingRequestToManagementEndpoint" classname="com.example.actuatorservice.HelloWorldApplicationTests" time="1.034"/>
  <testcase name="shouldReturn200WhenSendingRequestToController" classname="com.example.actuatorservice.HelloWorldApplicationTests" time="0.059"/>
</testsuite>